<?xml version="1.0" encoding="UTF-8"?>
<!-- Generated by org.testng.reporters.JUnitReportReporter -->
<testsuite hostname="LAPTOP-6CD1N0EC" failures="0" tests="1" name="GithubVerification.gitvfy_art.frst" time="7.394" errors="0" timestamp="20 Feb 2021 16:28:42 GMT">
  <testcase classname="GithubVerification.gitvfy_art.frst" name="radiobtn" time="7.394"/>
</testsuite> <!-- GithubVerification.gitvfy_art.frst -->
